{
  "RSpec": {
    "coverage": {
      "/home/mikennaji/tic-tac-toe-rb-cb-000/lib/tic_tac_toe.rb": [
        1,
        45,
        45,
        45,
        45,
        45,
        null,
        null,
        1,
        35,
        35,
        null,
        null,
        null,
        null,
        1,
        41,
        25,
        16,
        16,
        null,
        null,
        null,
        1,
        28,
        19,
        9,
        7,
        null,
        null,
        null,
        1,
        2,
        2,
        18,
        5,
        null,
        null,
        2,
        null,
        null,
        1,
        1,
        1,
        1,
        null,
        0,
        null,
        null,
        null,
        1,
        22,
        null,
        null,
        1,
        22,
        22,
        null,
        null,
        1,
        28,
        28,
        25,
        25,
        18,
        18,
        null,
        7,
        7,
        7,
        null,
        null,
        null,
        null,
        1,
        null,
        null,
        12,
        34,
        27,
        null,
        null,
        null,
        null,
        null,
        null,
        8,
        3,
        null,
        5,
        null,
        8,
        6,
        null,
        null,
        null,
        null,
        null,
        1,
        null,
        1,
        205,
        null,
        null,
        null,
        null,
        1,
        26,
        26,
        26,
        12,
        null,
        14,
        8,
        null,
        null,
        null,
        null,
        null,
        null,
        1,
        null,
        null,
        115,
        null,
        535,
        535,
        535,
        null,
        535,
        535,
        535,
        null,
        535,
        57,
        null,
        478,
        5,
        null,
        null,
        null,
        null,
        null,
        53,
        0,
        null,
        null,
        null,
        null,
        null,
        null,
        null,
        1,
        26,
        26,
        3,
        null,
        23,
        23,
        null,
        null,
        1,
        null,
        10,
        10,
        6,
        null,
        4,
        4,
        1,
        null,
        3,
        3,
        null,
        null,
        null,
        null,
        null,
        null,
        null
      ]
    },
    "timestamp": 1593742451
  }
}
