{
  "RSpec": {
    "coverage": {
      "/home/mikennaji/tic-tac-toe-rb-cb-000/lib/tic_tac_toe.rb": [
        1,
        24,
        24,
        24,
        24,
        24,
        null,
        null,
        1,
        9338,
        9338,
        null,
        null,
        null,
        null,
        1,
        18660,
        26,
        18634,
        18634,
        null,
        null,
        null,
        1,
        9338,
        20,
        9318,
        9316,
        null,
        null,
        null,
        1,
        21,
        21,
        189,
        33,
        null,
        null,
        21,
        null,
        null,
        1,
        20,
        20,
        14,
        null,
        6,
        null,
        null,
        null,
        1,
        0,
        null,
        null,
        1,
        22,
        null,
        null,
        null,
        1,
        9336,
        9335,
        9335,
        9335,
        19,
        19,
        null,
        9316,
        null,
        null,
        null,
        1,
        null,
        12,
        18,
        null,
        null,
        null,
        null,
        null,
        11,
        5,
        6,
        6,
        null,
        null,
        null,
        null,
        null,
        null,
        1,
        null,
        1,
        234,
        null,
        null,
        null,
        null,
        1,
        25,
        25,
        25,
        17,
        null,
        8,
        2,
        null,
        null,
        null,
        null,
        null,
        null,
        1,
        null,
        null,
        79,
        null,
        522,
        522,
        522,
        null,
        522,
        522,
        522,
        null,
        522,
        22,
        null,
        500,
        6,
        null,
        null,
        null,
        null,
        null,
        51,
        0,
        null,
        null,
        null,
        null,
        null,
        null,
        null,
        1,
        21,
        21,
        3,
        null,
        18,
        18,
        null,
        null,
        null,
        1,
        null,
        7,
        7,
        1,
        null,
        6,
        6,
        2,
        null,
        4,
        4,
        null,
        null,
        null,
        null,
        null,
        null,
        null
      ]
    },
    "timestamp": 1596144057
  }
}
